Microsoft Windows [Version 10.0.19045.5011]
(c) Microsoft Corporation. All rights reserved.

C:\Users\Makedonski ajvar>cd paddleocr

C:\Users\Makedonski ajvar\PaddleOCR>cd tools

C:\Users\Makedonski ajvar\PaddleOCR\tools>python train.py -c "C:\Users\Makedonski ajvar\Downloads\OCR\rec_train_config.yml"
[2024/11/08 11:36:32] ppocr INFO: Architecture :
[2024/11/08 11:36:32] ppocr INFO:     Backbone :
[2024/11/08 11:36:32] ppocr INFO:         name : PPLCNetV3
[2024/11/08 11:36:32] ppocr INFO:         scale : 0.95
[2024/11/08 11:36:32] ppocr INFO:     Head :
[2024/11/08 11:36:32] ppocr INFO:         head_list :
[2024/11/08 11:36:32] ppocr INFO:             CTCHead :
[2024/11/08 11:36:32] ppocr INFO:                 Head :
[2024/11/08 11:36:32] ppocr INFO:                     fc_decay : 1e-05
[2024/11/08 11:36:32] ppocr INFO:                 Neck :
[2024/11/08 11:36:32] ppocr INFO:                     depth : 2
[2024/11/08 11:36:32] ppocr INFO:                     dims : 120
[2024/11/08 11:36:32] ppocr INFO:                     hidden_dims : 120
[2024/11/08 11:36:32] ppocr INFO:                     kernel_size : [1, 3]
[2024/11/08 11:36:32] ppocr INFO:                     name : svtr
[2024/11/08 11:36:32] ppocr INFO:                     use_guide : True
[2024/11/08 11:36:32] ppocr INFO:             NRTRHead :
[2024/11/08 11:36:32] ppocr INFO:                 max_text_length : 1
[2024/11/08 11:36:32] ppocr INFO:                 nrtr_dim : 384
[2024/11/08 11:36:32] ppocr INFO:         name : MultiHead
[2024/11/08 11:36:32] ppocr INFO:     Transform : None
[2024/11/08 11:36:32] ppocr INFO:     algorithm : SVTR_LCNet
[2024/11/08 11:36:32] ppocr INFO:     model_type : rec
[2024/11/08 11:36:32] ppocr INFO: Eval :
[2024/11/08 11:36:32] ppocr INFO:     dataset :
[2024/11/08 11:36:32] ppocr INFO:         data_dir : C:/Users/Makedonski ajvar/Downloads/Dataset/images
[2024/11/08 11:36:32] ppocr INFO:         label_file_list : ['C:/Users/Makedonski ajvar/Downloads/Dataset/train.txt']
[2024/11/08 11:36:32] ppocr INFO:         name : SimpleDataSet
[2024/11/08 11:36:32] ppocr INFO:         transforms :
[2024/11/08 11:36:32] ppocr INFO:             DecodeImage :
[2024/11/08 11:36:32] ppocr INFO:                 channel_first : False
[2024/11/08 11:36:32] ppocr INFO:                 img_mode : BGR
[2024/11/08 11:36:32] ppocr INFO:             MultiLabelEncode :
[2024/11/08 11:36:32] ppocr INFO:                 gtc_encode : NRTRLabelEncode
[2024/11/08 11:36:32] ppocr INFO:             RecResizeImg :
[2024/11/08 11:36:32] ppocr INFO:                 image_shape : [3, 48, 320]
[2024/11/08 11:36:32] ppocr INFO:             KeepKeys :
[2024/11/08 11:36:32] ppocr INFO:                 keep_keys : ['image', 'label_ctc', 'label_gtc', 'length', 'valid_ratio']
[2024/11/08 11:36:32] ppocr INFO:     loader :
[2024/11/08 11:36:32] ppocr INFO:         batch_size_per_card : 64
[2024/11/08 11:36:32] ppocr INFO:         drop_last : False
[2024/11/08 11:36:32] ppocr INFO:         num_workers : 4
[2024/11/08 11:36:32] ppocr INFO:         shuffle : False
[2024/11/08 11:36:32] ppocr INFO: Global :
[2024/11/08 11:36:32] ppocr INFO:     cal_metric_during_train : True
[2024/11/08 11:36:32] ppocr INFO:     character_dict_path : C:/Users/Makedonski ajvar/Downloads/en_dict.txt
[2024/11/08 11:36:32] ppocr INFO:     checkpoints : None
[2024/11/08 11:36:32] ppocr INFO:     debug : False
[2024/11/08 11:36:32] ppocr INFO:     distributed : False
[2024/11/08 11:36:32] ppocr INFO:     epoch_num : 50
[2024/11/08 11:36:32] ppocr INFO:     eval_batch_step : [0, 2000]
[2024/11/08 11:36:32] ppocr INFO:     infer_img : doc/imgs_words/ch/word_1.jpg
[2024/11/08 11:36:32] ppocr INFO:     infer_mode : False
[2024/11/08 11:36:32] ppocr INFO:     log_smooth_window : 20
[2024/11/08 11:36:32] ppocr INFO:     max_text_length : 1
[2024/11/08 11:36:32] ppocr INFO:     pretrained_model : C:/Users/Makedonski ajvar/Downloads/en_PP-OCRv4_rec_train/best_accuracy.pdparams
[2024/11/08 11:36:32] ppocr INFO:     print_batch_step : 10
[2024/11/08 11:36:32] ppocr INFO:     save_epoch_step : 5
[2024/11/08 11:36:32] ppocr INFO:     save_inference_dir : ./inference/rec_numbers
[2024/11/08 11:36:32] ppocr INFO:     save_model_dir : ./output/rec_ppocr_v4
[2024/11/08 11:36:32] ppocr INFO:     save_res_path : ./output/rec/predicts_ppocrv3.txt
[2024/11/08 11:36:32] ppocr INFO:     use_gpu : True
[2024/11/08 11:36:32] ppocr INFO:     use_space_char : True
[2024/11/08 11:36:32] ppocr INFO:     use_visualdl : False
[2024/11/08 11:36:32] ppocr INFO: Loss :
[2024/11/08 11:36:32] ppocr INFO:     loss_config_list :
[2024/11/08 11:36:32] ppocr INFO:         CTCLoss : None
[2024/11/08 11:36:32] ppocr INFO:         NRTRLoss : None
[2024/11/08 11:36:32] ppocr INFO:     name : MultiLoss
[2024/11/08 11:36:32] ppocr INFO: Metric :
[2024/11/08 11:36:32] ppocr INFO:     ignore_space : False
[2024/11/08 11:36:32] ppocr INFO:     main_indicator : acc
[2024/11/08 11:36:32] ppocr INFO:     name : RecMetric
[2024/11/08 11:36:32] ppocr INFO: Optimizer :
[2024/11/08 11:36:32] ppocr INFO:     beta1 : 0.9
[2024/11/08 11:36:32] ppocr INFO:     beta2 : 0.999
[2024/11/08 11:36:32] ppocr INFO:     lr :
[2024/11/08 11:36:32] ppocr INFO:         learning_rate : 0.0005
[2024/11/08 11:36:32] ppocr INFO:         name : Cosine
[2024/11/08 11:36:32] ppocr INFO:         warmup_epoch : 5
[2024/11/08 11:36:32] ppocr INFO:     name : Adam
[2024/11/08 11:36:32] ppocr INFO:     regularizer :
[2024/11/08 11:36:32] ppocr INFO:         factor : 3e-05
[2024/11/08 11:36:32] ppocr INFO:         name : L2
[2024/11/08 11:36:32] ppocr INFO: PostProcess :
[2024/11/08 11:36:32] ppocr INFO:     name : CTCLabelDecode
[2024/11/08 11:36:32] ppocr INFO: Train :
[2024/11/08 11:36:32] ppocr INFO:     dataset :
[2024/11/08 11:36:32] ppocr INFO:         data_dir : C:/Users/Makedonski ajvar/Downloads/Dataset/images
[2024/11/08 11:36:32] ppocr INFO:         ds_width : False
[2024/11/08 11:36:32] ppocr INFO:         ext_op_transform_idx : 1
[2024/11/08 11:36:32] ppocr INFO:         label_file_list : ['C:/Users/Makedonski ajvar/Downloads/Dataset/train.txt']
[2024/11/08 11:36:32] ppocr INFO:         name : MultiScaleDataSet
[2024/11/08 11:36:32] ppocr INFO:         transforms :
[2024/11/08 11:36:32] ppocr INFO:             DecodeImage :
[2024/11/08 11:36:32] ppocr INFO:                 channel_first : False
[2024/11/08 11:36:32] ppocr INFO:                 img_mode : BGR
[2024/11/08 11:36:32] ppocr INFO:             RecConAug :
[2024/11/08 11:36:32] ppocr INFO:                 ext_data_num : 2
[2024/11/08 11:36:32] ppocr INFO:                 image_shape : [48, 320, 3]
[2024/11/08 11:36:32] ppocr INFO:                 max_text_length : 1
[2024/11/08 11:36:32] ppocr INFO:                 prob : 0.5
[2024/11/08 11:36:32] ppocr INFO:             RecAug : None
[2024/11/08 11:36:32] ppocr INFO:             MultiLabelEncode :
[2024/11/08 11:36:32] ppocr INFO:                 gtc_encode : NRTRLabelEncode
[2024/11/08 11:36:32] ppocr INFO:             KeepKeys :
[2024/11/08 11:36:32] ppocr INFO:                 keep_keys : ['image', 'label_ctc', 'label_gtc', 'length', 'valid_ratio']
[2024/11/08 11:36:32] ppocr INFO:     loader :
[2024/11/08 11:36:32] ppocr INFO:         batch_size_per_card : 64
[2024/11/08 11:36:32] ppocr INFO:         drop_last : True
[2024/11/08 11:36:32] ppocr INFO:         num_workers : 4
[2024/11/08 11:36:32] ppocr INFO:         shuffle : True
[2024/11/08 11:36:32] ppocr INFO:     sampler :
[2024/11/08 11:36:32] ppocr INFO:         divided_factor : [8, 16]
[2024/11/08 11:36:32] ppocr INFO:         first_bs : 64
[2024/11/08 11:36:32] ppocr INFO:         fix_bs : False
[2024/11/08 11:36:32] ppocr INFO:         is_training : True
[2024/11/08 11:36:32] ppocr INFO:         name : MultiScaleSampler
[2024/11/08 11:36:32] ppocr INFO:         scales : [[320, 32], [320, 48], [320, 64]]
[2024/11/08 11:36:32] ppocr INFO: profiler_options : None
[2024/11/08 11:36:32] ppocr INFO: train with paddle 2.6.1 and device Place(gpu:0)
[2024/11/08 11:36:32] ppocr INFO: Initialize indexs of datasets:['C:/Users/Makedonski ajvar/Downloads/Dataset/train.txt']
[2024/11/08 11:36:32] ppocr INFO: Initialize indexs of datasets:['C:/Users/Makedonski ajvar/Downloads/Dataset/train.txt']
W1108 11:36:32.649570  3068 gpu_resources.cc:119] Please NOTE: device: 0, GPU Compute Capability: 8.6, Driver API Version: 12.7, Runtime API Version: 12.0
W1108 11:36:32.661571  3068 gpu_resources.cc:164] device: 0, cuDNN Version: 9.5.
[2024/11/08 11:36:32] ppocr INFO: train dataloader has 12 iters
[2024/11/08 11:36:32] ppocr INFO: valid dataloader has 8 iters
[2024/11/08 11:36:33] ppocr WARNING: The shape of model params head.ctc_head.fc.weight [120, 10] not matched with loaded params head.ctc_head.fc.weight [120, 97] !
[2024/11/08 11:36:33] ppocr WARNING: The shape of model params head.ctc_head.fc.bias [10] not matched with loaded params head.ctc_head.fc.bias [97] !
[2024/11/08 11:36:33] ppocr WARNING: The shape of model params head.gtc_head.embedding.embedding.weight [14, 384] not matched with loaded params head.gtc_head.embedding.embedding.weight [101, 384] !
[2024/11/08 11:36:33] ppocr WARNING: The shape of model params head.gtc_head.tgt_word_prj.weight [384, 14] not matched with loaded params head.gtc_head.tgt_word_prj.weight [384, 101] !
[2024/11/08 11:36:33] ppocr INFO: load pretrain successful from C:/Users/Makedonski ajvar/Downloads/en_PP-OCRv4_rec_train/best_accuracy
[2024/11/08 11:36:33] ppocr INFO: During the training process, after the 0th iteration, an evaluation is run every 2000 iterations
Exception in thread Thread-1 (_thread_loop):
Traceback (most recent call last):
  File "C:\Users\Makedonski ajvar\PaddleOCR\ppocr\data\simple_dataset.py", line 237, in __getitem__
    outs = transform(data, self.ops[:-1])
           ^^^^^^^^^^^^^^^^^^^^^^^^^^^^^^
  File "C:\Users\Makedonski ajvar\PaddleOCR\ppocr\data\imaug\__init__.py", line 72, in transform
    data = op(data)
           ^^^^^^^^
  File "C:\Users\Makedonski ajvar\PaddleOCR\ppocr\data\imaug\rec_img_aug.py", line 58, in __call__
    img = tia_distort(img, random.randint(3, 6))
          ^^^^^^^^^^^^^^^^^^^^^^^^^^^^^^^^^^^^^^
  File "C:\Users\Makedonski ajvar\PaddleOCR\ppocr\data\imaug\text_image_aug\augment.py", line 63, in tia_distort
    dst = trans.generate()
          ^^^^^^^^^^^^^^^^
  File "C:\Users\Makedonski ajvar\PaddleOCR\ppocr\data\imaug\text_image_aug\warp_mls.py", line 41, in generate
    return self.gen_img()
           ^^^^^^^^^^^^^^
  File "C:\Users\Makedonski ajvar\PaddleOCR\ppocr\data\imaug\text_image_aug\warp_mls.py", line 162, in gen_img
    nx = np.clip(nx, 0, src_w - 1)
         ^^^^^^^^^^^^^^^^^^^^^^^^^
  File "C:\Users\Makedonski ajvar\AppData\Local\Programs\Python\Python312\Lib\site-packages\numpy\core\fromnumeric.py", line 2169, in clip
    return _wrapfunc(a, 'clip', a_min, a_max, out=out, **kwargs)
           ^^^^^^^^^^^^^^^^^^^^^^^^^^^^^^^^^^^^^^^^^^^^^^^^^^^^^
  File "C:\Users\Makedonski ajvar\AppData\Local\Programs\Python\Python312\Lib\site-packages\numpy\core\fromnumeric.py", line 59, in _wrapfunc
    return bound(*args, **kwds)
           ^^^^^^^^^^^^^^^^^^^^
RecursionError: maximum recursion depth exceeded

During handling of the above exception, another exception occurred:

Traceback (most recent call last):
  File "C:\Users\Makedonski ajvar\AppData\Local\Programs\Python\Python312\Lib\threading.py", line 1075, in _bootstrap_inner
    self.run()
  File "C:\Users\Makedonski ajvar\AppData\Local\Programs\Python\Python312\Lib\threading.py", line 1012, in run
    self._target(*self._args, **self._kwargs)
  File "C:\Users\Makedonski ajvar\AppData\Local\Programs\Python\Python312\Lib\site-packages\paddle\io\dataloader\dataloader_iter.py", line 235, in _thread_loop
    batch = self._dataset_fetcher.fetch(
            ^^^^^^^^^^^^^^^^^^^^^^^^^^^^
  File "C:\Users\Makedonski ajvar\AppData\Local\Programs\Python\Python312\Lib\site-packages\paddle\io\dataloader\fetcher.py", line 77, in fetch
    data.append(self.dataset[idx])
                ~~~~~~~~~~~~^^^^^
  File "C:\Users\Makedonski ajvar\PaddleOCR\ppocr\data\simple_dataset.py", line 251, in __getitem__
    return self.__getitem__([img_width, img_height, rnd_idx, wh_ratio])
           ^^^^^^^^^^^^^^^^^^^^^^^^^^^^^^^^^^^^^^^^^^^^^^^^^^^^^^^^^^^^
  File "C:\Users\Makedonski ajvar\PaddleOCR\ppocr\data\simple_dataset.py", line 251, in __getitem__
    return self.__getitem__([img_width, img_height, rnd_idx, wh_ratio])
           ^^^^^^^^^^^^^^^^^^^^^^^^^^^^^^^^^^^^^^^^^^^^^^^^^^^^^^^^^^^^
  File "C:\Users\Makedonski ajvar\PaddleOCR\ppocr\data\simple_dataset.py", line 251, in __getitem__
    return self.__getitem__([img_width, img_height, rnd_idx, wh_ratio])
           ^^^^^^^^^^^^^^^^^^^^^^^^^^^^^^^^^^^^^^^^^^^^^^^^^^^^^^^^^^^^
  [Previous line repeated 984 more times]
  File "C:\Users\Makedonski ajvar\PaddleOCR\ppocr\data\simple_dataset.py", line 244, in __getitem__
    data_line, traceback.format_exc()
               ^^^^^^^^^^^^^^^^^^^^^^
  File "C:\Users\Makedonski ajvar\AppData\Local\Programs\Python\Python312\Lib\traceback.py", line 184, in format_exc
    return "".join(format_exception(sys.exception(), limit=limit, chain=chain))
                   ^^^^^^^^^^^^^^^^^^^^^^^^^^^^^^^^^^^^^^^^^^^^^^^^^^^^^^^^^^^
  File "C:\Users\Makedonski ajvar\AppData\Local\Programs\Python\Python312\Lib\traceback.py", line 139, in format_exception
    te = TracebackException(type(value), value, tb, limit=limit, compact=True)
         ^^^^^^^^^^^^^^^^^^^^^^^^^^^^^^^^^^^^^^^^^^^^^^^^^^^^^^^^^^^^^^^^^^^^^
  File "C:\Users\Makedonski ajvar\AppData\Local\Programs\Python\Python312\Lib\traceback.py", line 733, in __init__
    self.stack = StackSummary._extract_from_extended_frame_gen(
                 ^^^^^^^^^^^^^^^^^^^^^^^^^^^^^^^^^^^^^^^^^^^^^^
  File "C:\Users\Makedonski ajvar\AppData\Local\Programs\Python\Python312\Lib\traceback.py", line 438, in _extract_from_extended_frame_gen
    f.line
  File "C:\Users\Makedonski ajvar\AppData\Local\Programs\Python\Python312\Lib\traceback.py", line 323, in line
    self._line = linecache.getline(self.filename, self.lineno)
                 ^^^^^^^^^^^^^^^^^^^^^^^^^^^^^^^^^^^^^^^^^^^^^
  File "C:\Users\Makedonski ajvar\AppData\Local\Programs\Python\Python312\Lib\linecache.py", line 30, in getline
    lines = getlines(filename, module_globals)
            ^^^^^^^^^^^^^^^^^^^^^^^^^^^^^^^^^^
  File "C:\Users\Makedonski ajvar\AppData\Local\Programs\Python\Python312\Lib\linecache.py", line 46, in getlines
    return updatecache(filename, module_globals)
           ^^^^^^^^^^^^^^^^^^^^^^^^^^^^^^^^^^^^^
RecursionError: maximum recursion depth exceeded
